<?xml version="1.0" encoding="UTF-8"?>
<testsuite name="com.example.tiptime.TipCalculatorTests" tests="1" skipped="0" failures="0" errors="0" timestamp="2024-07-31T00:01:30" hostname="EVE" time="0.016">
  <properties/>
  <testcase name="calculateTip_20PercentNoRoundup" classname="com.example.tiptime.TipCalculatorTests" time="0.016"/>
  <system-out><![CDATA[]]></system-out>
  <system-err><![CDATA[]]></system-err>
</testsuite>
